{
"contracts/AucEngine.sol":{"l":{"28":9,"31":0,"32":0,"33":0,"36":0,"41":2,"43":2,"45":2,"56":2,"58":2,"63":1,"64":1,"65":1,"66":1,"67":1,"72":2,"73":2,"74":1,"75":1,"76":1,"77":1,"78":1,"79":1,"80":1,"81":1,"83":1,"88":1},"path":"/mnt/d/Avet/css/hardhat5/contracts/AucEngine.sol","s":{"1":0,"2":0,"3":0,"4":2,"5":2,"6":2,"7":2,"8":2,"9":1,"10":1,"11":1,"12":1,"13":1,"14":2,"15":2,"16":1,"17":1,"18":1,"19":1,"20":1,"21":1,"22":1,"23":1},"b":{"1":[0,0],"2":[0,0],"3":[0,0],"4":[0,2],"5":[2,0],"6":[1,0],"7":[1,1],"8":[1,0],"9":[1,0],"10":[1,0]},"f":{"1":9,"2":0,"3":0,"4":2,"5":1,"6":2},"fnMap":{"1":{"name":"constructor","line":27,"loc":{"start":{"line":27,"column":4},"end":{"line":29,"column":4}}},"2":{"name":"onlyOwner","line":30,"loc":{"start":{"line":30,"column":4},"end":{"line":34,"column":4}}},"3":{"name":"withdraw","line":35,"loc":{"start":{"line":35,"column":4},"end":{"line":37,"column":4}}},"4":{"name":"createAuction","line":40,"loc":{"start":{"line":40,"column":4},"end":{"line":59,"column":4}}},"5":{"name":"getPriceFor","line":62,"loc":{"start":{"line":62,"column":4},"end":{"line":68,"column":4}}},"6":{"name":"buy","line":71,"loc":{"start":{"line":71,"column":4},"end":{"line":89,"column":4}}}},"statementMap":{"1":{"start":{"line":31,"column":8},"end":{"line":31,"column":60}},"2":{"start":{"line":32,"column":8},"end":{"line":32,"column":55}},"3":{"start":{"line":36,"column":9},"end":{"line":36,"column":43}},"4":{"start":{"line":41,"column":8},"end":{"line":41,"column":61}},"5":{"start":{"line":43,"column":8},"end":{"line":43,"column":86}},"6":{"start":{"line":45,"column":8},"end":{"line":45,"column":2027}},"7":{"start":{"line":56,"column":8},"end":{"line":56,"column":32}},"8":{"start":{"line":58,"column":8},"end":{"line":58,"column":81}},"9":{"start":{"line":63,"column":8},"end":{"line":63,"column":49}},"10":{"start":{"line":64,"column":8},"end":{"line":64,"column":45}},"11":{"start":{"line":65,"column":8},"end":{"line":65,"column":57}},"12":{"start":{"line":66,"column":8},"end":{"line":66,"column":55}},"13":{"start":{"line":67,"column":8},"end":{"line":67,"column":48}},"14":{"start":{"line":72,"column":8},"end":{"line":72,"column":50}},"15":{"start":{"line":73,"column":8},"end":{"line":73,"column":45}},"16":{"start":{"line":74,"column":8},"end":{"line":74,"column":59}},"17":{"start":{"line":75,"column":8},"end":{"line":75,"column":40}},"18":{"start":{"line":76,"column":8},"end":{"line":76,"column":56}},"19":{"start":{"line":79,"column":8},"end":{"line":79,"column":40}},"20":{"start":{"line":80,"column":8},"end":{"line":80,"column":4299}},"21":{"start":{"line":81,"column":12},"end":{"line":81,"column":47}},"22":{"start":{"line":83,"column":8},"end":{"line":83,"column":4416}},"23":{"start":{"line":88,"column":8},"end":{"line":88,"column":52}}},"branchMap":{"1":{"line":31,"type":"if","locations":[{"start":{"line":31,"column":8},"end":{"line":31,"column":8}},{"start":{"line":31,"column":8},"end":{"line":31,"column":8}}]},"2":{"line":32,"type":"if","locations":[{"start":{"line":32,"column":8},"end":{"line":32,"column":8}},{"start":{"line":32,"column":8},"end":{"line":32,"column":8}}]},"3":{"line":35,"type":"if","locations":[{"start":{"line":35,"column":52},"end":{"line":35,"column":52}},{"start":{"line":35,"column":52},"end":{"line":35,"column":52}}]},"4":{"line":41,"type":"if","locations":[{"start":{"line":41,"column":41},"end":{"line":41,"column":48}},{"start":{"line":41,"column":52},"end":{"line":41,"column":60}}]},"5":{"line":43,"type":"if","locations":[{"start":{"line":43,"column":8},"end":{"line":43,"column":8}},{"start":{"line":43,"column":8},"end":{"line":43,"column":8}}]},"6":{"line":64,"type":"if","locations":[{"start":{"line":64,"column":8},"end":{"line":64,"column":8}},{"start":{"line":64,"column":8},"end":{"line":64,"column":8}}]},"7":{"line":73,"type":"if","locations":[{"start":{"line":73,"column":8},"end":{"line":73,"column":8}},{"start":{"line":73,"column":8},"end":{"line":73,"column":8}}]},"8":{"line":74,"type":"if","locations":[{"start":{"line":74,"column":8},"end":{"line":74,"column":8}},{"start":{"line":74,"column":8},"end":{"line":74,"column":8}}]},"9":{"line":76,"type":"if","locations":[{"start":{"line":76,"column":8},"end":{"line":76,"column":8}},{"start":{"line":76,"column":8},"end":{"line":76,"column":8}}]},"10":{"line":80,"type":"if","locations":[{"start":{"line":80,"column":8},"end":{"line":80,"column":8}},{"start":{"line":80,"column":8},"end":{"line":80,"column":8}}]}}}}
