TN:
SF:/mnt/d/Avet/css/hardhat5/contracts/AucEngine.sol
FN:27,constructor
FN:30,onlyOwner
FN:35,withdraw
FN:40,createAuction
FN:62,getPriceFor
FN:71,buy
FNF:6
FNH:4
FNDA:9,constructor
FNDA:0,onlyOwner
FNDA:0,withdraw
FNDA:2,createAuction
FNDA:1,getPriceFor
FNDA:2,buy
DA:28,9
DA:31,0
DA:32,0
DA:33,0
DA:36,0
DA:41,2
DA:43,2
DA:45,2
DA:56,2
DA:58,2
DA:63,1
DA:64,1
DA:65,1
DA:66,1
DA:67,1
DA:72,2
DA:73,2
DA:74,1
DA:75,1
DA:76,1
DA:77,1
DA:78,1
DA:79,1
DA:80,1
DA:81,1
DA:83,1
DA:88,1
LF:27
LH:23
BRDA:31,1,0,0
BRDA:31,1,1,0
BRDA:32,2,0,0
BRDA:32,2,1,0
BRDA:35,3,0,0
BRDA:35,3,1,0
BRDA:41,4,0,0
BRDA:41,4,1,2
BRDA:43,5,0,2
BRDA:43,5,1,0
BRDA:64,6,0,1
BRDA:64,6,1,0
BRDA:73,7,0,1
BRDA:73,7,1,1
BRDA:74,8,0,1
BRDA:74,8,1,0
BRDA:76,9,0,1
BRDA:76,9,1,0
BRDA:80,10,0,1
BRDA:80,10,1,0
BRF:20
BRH:8
end_of_record
